\BOOKMARK [0][-]{titlePage.0}{Title Page}{}% 1
\BOOKMARK [0][-]{TOC.0}{Table of Contents}{}% 2
\BOOKMARK [0][-]{chapter*.1}{List of Tables}{}% 3
\BOOKMARK [0][-]{chapter*.2}{List of Figures}{}% 4
\BOOKMARK [0][-]{chapter*.3}{Acknowledgments}{}% 5
\BOOKMARK [0][-]{chapter*.3}{Dedication}{}% 6
\BOOKMARK [0][-]{chapter*.3}{Introduction or Preface}{}% 7
\BOOKMARK [0][-]{chapter.1}{Introduction and Background}{}% 8
\BOOKMARK [1][-]{section.1.1}{Footnotes: Two ways of adding to your text}{chapter.1}% 9
\BOOKMARK [1][-]{section.1.2}{Other section of first chapter}{chapter.1}% 10
\BOOKMARK [0][-]{chapter.2}{Technical Approach}{}% 11
\BOOKMARK [1][-]{section.2.1}{Some Technical Approach}{chapter.2}% 12
\BOOKMARK [1][-]{section.2.2}{Another Technical Approach}{chapter.2}% 13
\BOOKMARK [2][-]{subsection.2.2.1}{Example Subsection}{section.2.2}% 14
\BOOKMARK [0][-]{chapter.3}{Results}{}% 15
\BOOKMARK [0][-]{chapter.4}{Discussion}{}% 16
\BOOKMARK [0][-]{chapter.4}{Conclusion or Epilogue}{}% 17
\BOOKMARK [0][-]{chapter*.4}{References}{}% 18
\BOOKMARK [0][-]{Appendix.1.A}{ Experimental Equipment}{}% 19
\BOOKMARK [0][-]{Appendix.1.B}{Data Processing}{}% 20
